one
One
two
Two
three
Three
four
Four
five
Five
six
Six
seven
Seven
eight
Eight
nine
Nine
ten
Ten
eleven
Eleven
twelve
Twelve
thirteen
Thirteen
fourteen
Fourteen
fifteen
Fifteen
sixteen
Sixteen
seventeen
Seventeen
eighteen
Eighteen
nineteen
Nineteen
twenty
Twenty
thirty
Thirty
forty
Forty
fifty
Fifty
sixty
Sixty
seventy
Seventy
eighty
Eighty
ninety
Ninety
hundred
thousand
million
billionfirst
second
third
fourth
fifth
sixth
seventh
eighth
ninth
tenth
eleventh
twelvth
thirteenth
fourteenth
fifteenth
sixteenth
seventeenth
eighteenth
nineteenth
twentieth
twenty-first
twenty-second
twenty-third
twenty-fourth
twenty-fifth
twenty-sixth
twenty-seventh
twenty-eighth
twenty-ninth
twenty first
twenty second
twenty third
twenty fourth
twenty fifth
twenty sixth
twenty seventh
twenty eighth
twenty ninth
thirtieth
thirty-first
thirty first