Hill
Lane
Rise
Way
Street
ST
Road
RD
Avenue
AVE
Circle
CIR
Drive
Court
CT
Boulevard
BLVD
LN
Parkway
PKWY
Highway
HWY
Route
RT
ALLEY
ANNEX
ARCADE
AVENUE
AVE
BAYOO
BEACH
BEND
BLUFF
BLF
BLUFFS
BOTTOM
BOULEVARD
BLVD
BRANCH
BR
BRNCH
BRIDGE
BRG
BROOK
BRK 
BROOKS
BURG
BURGS
BYPASS
BYP
CAMP
CP
CANYON
CYN
CAPE
CPE
CAUSEWAY
CSWY
CENTER
CTR
CENTERS
CTRS
CIRCLE
CIR
CIRCLES
CIRS
CLIFF
CLF
CLIFFS
CLFS
CLUB
CLB
COMMON
CMN
CORNER
COR
CORNERS
CORS
COURSE
CRSE
COURSE
CRSE
COURT
CT
COURTS
CTS
COVE
CV
COVES
CVS
CREEK
CRK
CRESCENT
CRES
CREST
CRST
CROSSING
XING
CROSSROAD
XRD
CURVE
CURV
DALE
DL
ISLANDS
ISS
POINT
PT
POINTS
PTS
PORT
PRT
TUNNEL
TUNL
