Administrator
Ambassador
Ambassadors
Assistant
Asst
Attorney General
Business Editor
CEO
CFO
Capt
Chairman
Chancellor
Chief
Commissar
Commissars
Commissioner
Commissioners
Comptroller
Congressman
Councillor
Councilman
Deputy
Detective
Diplomat
Director
Doctor
Dr
Esq
Executive
Gov
Governor
Inspector
Jd
Judge
Lord
Mayor
Messrs
Minister
Nurse
Officer
Premier
President
Prime Minister
Princess
Proconsul
Prof
Professor
Provost
Rep
Reporter
Representative
Rev
Reverend
Secretary
Sen
Senator
Speaker
Spokesman
Spokesperson
VP
Vice-President
Vice President
Marquis
Messr
Monsieur
Mr
Prince
Rabbi
Sheik
Sir
Madam
Madame
Mademoiselle
Miss
Mlle
Mme
Mrs
Ms
Sister
Spokeswoman
